<?xml version="1.0" encoding="utf-8"?><testsuites name="pytest tests"><testsuite name="pytest" errors="0" failures="0" skipped="1" tests="51" time="27.626" timestamp="2026-08-05T04:05:57.534322+00:00" hostname="agent-env-b73521df-ab7c-4e57-81a8-4c48fdeac9e4"><testcase classname="tests.backend_test.TestRegistries" name="test_registry[integrations]" time="0.745" /><testcase classname="tests.test_iteration5.TestRegressionBreadth" name="test_endpoint_ok[/dashboard]" time="0.763" /><testcase classname="tests.backend_test.TestRegistries" name="test_registry[mcp-servers]" time="0.068" /><testcase classname="tests.test_iteration5.TestRegressionBreadth" name="test_endpoint_ok[/workspaces]" time="0.066" /><testcase classname="tests.backend_test.TestRegistries" name="test_registry[plugins]" time="0.067" /><testcase classname="tests.test_iteration5.TestRegressionBreadth" name="test_endpoint_ok[/opportunities]" time="0.066" /><testcase classname="tests.backend_test.TestRegistries" name="test_registry[webhooks]" time="0.083" /><testcase classname="tests.test_iteration5.TestRegressionBreadth" name="test_endpoint_ok[/companies]" time="0.069" /><testcase classname="tests.test_iteration5.TestRegressionBreadth" name="test_endpoint_ok[/contacts]" time="0.072" /><testcase classname="tests.test_iteration5.TestRegressionBreadth" name="test_endpoint_ok[/events]" time="0.304" /><testcase classname="tests.test_iteration5.TestRegressionBreadth" name="test_endpoint_ok[/registry/integrations]" time="0.111" /><testcase classname="tests.test_iteration5.TestMcpUndoReason" name="test_undo_empty_reason_returns_422" time="1.331" /><testcase classname="tests.test_iteration5.TestRegressionBreadth" name="test_endpoint_ok[/registry/mcp-servers]" time="0.113" /><testcase classname="tests.test_iteration5.TestRegressionBreadth" name="test_endpoint_ok[/registry/plugins]" time="0.154" /><testcase classname="tests.test_iteration5.TestRegressionBreadth" name="test_endpoint_ok[/registry/webhooks]" time="0.160" /><testcase classname="tests.test_iteration5.TestRegressionBreadth" name="test_endpoint_ok[/mcp/tools]" time="0.160" /><testcase classname="tests.test_iteration5.TestRegressionBreadth" name="test_endpoint_ok[/mcp/invocations]" time="0.133" /><testcase classname="tests.test_iteration5.TestMcpUndoReason" name="test_undo_with_reason_success_and_event" time="1.424" /><testcase classname="tests.test_iteration5.TestRegressionBreadth" name="test_workspace_detail_health" time="0.426" /><testcase classname="tests.test_iteration6.TestUndoWindowConfig" name="test_patch_set_and_persist" time="1.159" /><testcase classname="tests.test_iteration5.TestMcpUndoReason" name="test_undo_admin_only" time="1.679" /><testcase classname="tests.test_iteration6.TestUndoWindowConfig" name="test_clamp_low" time="0.098" /><testcase classname="tests.test_iteration6.TestUndoWindowConfig" name="test_clamp_high" time="0.175" /><testcase classname="tests.test_iteration6.TestUndoWindowConfig" name="test_non_admin_forbidden" time="1.226" /><testcase classname="tests.test_iteration5.TestMcpUndoReason" name="test_undo_window_expired" time="0.000"><skipped type="pytest.skip" message="Cannot backdate executed_at via public API; window logic covered by code review.">/app/backend/tests/test_iteration5.py:160: Cannot backdate executed_at via public API; window logic covered by code review.</skipped></testcase><testcase classname="tests.backend_test.TestAuth" name="test_login" time="0.100" /><testcase classname="tests.backend_test.TestAuth" name="test_wrong_password" time="0.684" /><testcase classname="tests.test_iteration4.TestOutcomeTargets" name="test_outcome_graph_returns_targets" time="1.135" /><testcase classname="tests.backend_test.TestAuth" name="test_register_creates_new_tenant" time="0.486" /><testcase classname="tests.test_iteration4.TestOutcomeTargets" name="test_create_outcome_with_target" time="0.150" /><testcase classname="tests.test_iteration4.TestOutcomeTargets" name="test_patch_outcome_current_value" time="0.493" /><testcase classname="tests.test_iteration6.TestWebhookPreview" name="test_preview_returns_schema" time="0.546" /><testcase classname="tests.test_iteration6.TestWebhookPreview" name="test_preview_commitment_pattern" time="0.071" /><testcase classname="tests.test_iteration6.TestWebhookPreview" name="test_preview_empty_patterns" time="0.094" /><testcase classname="tests.test_iteration5.TestBackendUp" name="test_root" time="0.131" /><testcase classname="tests.backend_test.TestAI" name="test_ai_health_summary" time="8.983" /><testcase classname="tests.test_iteration5.TestBackendUp" name="test_login_ok" time="0.597" /><testcase classname="tests.test_iteration5.TestGoalRollup" name="test_dashboard_has_goal_rollup" time="2.801" /><testcase classname="tests.test_iteration5.TestGoalRollup" name="test_rollup_reflects_new_outcome" time="0.220" /><testcase classname="tests.backend_test.TestDashboard" name="test_dashboard" time="0.074" /><testcase classname="tests.backend_test.TestPipeline" name="test_create_opportunity_and_move_to_won_creates_workspace" time="0.428" /><testcase classname="tests.backend_test.TestDirectory" name="test_company_and_contact_crud" time="0.486" /><testcase classname="tests.backend_test.TestWorkspaces" name="test_workspaces_list_and_detail" time="0.137" /><testcase classname="tests.backend_test.TestAudit" name="test_events" time="0.080" /><testcase classname="tests.backend_test.TestTenantIsolation" name="test_new_user_no_admin_data" time="0.220" /><testcase classname="tests.test_iteration4.TestWebhookSecret" name="test_webhook_list_exposes_secret" time="0.473" /><testcase classname="tests.test_iteration5.TestWebhookPatterns" name="test_event_matches_wildcard" time="3.207" /><testcase classname="tests.backend_test.TestAI" name="test_ai_draft" time="9.273" /><testcase classname="tests.test_iteration6.TestGoalTrend" name="test_dashboard_goals_have_trend" time="0.433" /><testcase classname="tests.test_iteration4.TestMcpUndo" name="test_undo_removes_task_and_blocks_reuse" time="1.130" /><testcase classname="tests.test_iteration4.TestMcpUndo" name="test_undo_cross_tenant_isolation" time="0.646" /></testsuite></testsuites>