<?xml version="1.0" encoding="utf-8"?><testsuites name="pytest tests"><testsuite name="pytest" errors="0" failures="0" skipped="1" tests="43" time="20.677" timestamp="2026-08-05T03:31:33.810842+00:00" hostname="agent-env-b73521df-ab7c-4e57-81a8-4c48fdeac9e4"><testcase classname="tests.backend_test.TestRegistries" name="test_registry[integrations]" time="1.011" /><testcase classname="tests.test_iteration5.TestRegressionBreadth" name="test_endpoint_ok[/dashboard]" time="0.899" /><testcase classname="tests.test_iteration5.TestRegressionBreadth" name="test_endpoint_ok[/workspaces]" time="0.078" /><testcase classname="tests.test_iteration5.TestRegressionBreadth" name="test_endpoint_ok[/opportunities]" time="0.078" /><testcase classname="tests.backend_test.TestRegistries" name="test_registry[mcp-servers]" time="0.091" /><testcase classname="tests.test_iteration5.TestRegressionBreadth" name="test_endpoint_ok[/companies]" time="0.122" /><testcase classname="tests.backend_test.TestRegistries" name="test_registry[plugins]" time="0.092" /><testcase classname="tests.test_iteration5.TestRegressionBreadth" name="test_endpoint_ok[/contacts]" time="0.079" /><testcase classname="tests.backend_test.TestRegistries" name="test_registry[webhooks]" time="0.124" /><testcase classname="tests.test_iteration5.TestRegressionBreadth" name="test_endpoint_ok[/events]" time="0.120" /><testcase classname="tests.test_iteration5.TestRegressionBreadth" name="test_endpoint_ok[/registry/integrations]" time="0.078" /><testcase classname="tests.test_iteration5.TestRegressionBreadth" name="test_endpoint_ok[/registry/mcp-servers]" time="0.077" /><testcase classname="tests.test_iteration5.TestRegressionBreadth" name="test_endpoint_ok[/registry/plugins]" time="0.228" /><testcase classname="tests.test_iteration5.TestRegressionBreadth" name="test_endpoint_ok[/registry/webhooks]" time="0.079" /><testcase classname="tests.test_iteration5.TestRegressionBreadth" name="test_endpoint_ok[/mcp/tools]" time="0.085" /><testcase classname="tests.test_iteration5.TestMcpUndoReason" name="test_undo_empty_reason_returns_422" time="1.534" /><testcase classname="tests.test_iteration5.TestRegressionBreadth" name="test_endpoint_ok[/mcp/invocations]" time="0.078" /><testcase classname="tests.test_iteration5.TestRegressionBreadth" name="test_workspace_detail_health" time="0.159" /><testcase classname="tests.backend_test.TestAuth" name="test_login" time="0.522" /><testcase classname="tests.backend_test.TestAuth" name="test_wrong_password" time="0.467" /><testcase classname="tests.test_iteration5.TestMcpUndoReason" name="test_undo_with_reason_success_and_event" time="0.851" /><testcase classname="tests.backend_test.TestAuth" name="test_register_creates_new_tenant" time="0.600" /><testcase classname="tests.test_iteration5.TestMcpUndoReason" name="test_undo_admin_only" time="1.084" /><testcase classname="tests.test_iteration4.TestOutcomeTargets" name="test_outcome_graph_returns_targets" time="0.575" /><testcase classname="tests.test_iteration4.TestOutcomeTargets" name="test_create_outcome_with_target" time="0.374" /><testcase classname="tests.test_iteration4.TestOutcomeTargets" name="test_patch_outcome_current_value" time="1.709" /><testcase classname="tests.test_iteration5.TestMcpUndoReason" name="test_undo_window_expired" time="0.000"><skipped type="pytest.skip" message="Cannot backdate executed_at via public API; window logic covered by code review.">/app/backend/tests/test_iteration5.py:160: Cannot backdate executed_at via public API; window logic covered by code review.</skipped></testcase><testcase classname="tests.backend_test.TestAI" name="test_ai_health_summary" time="8.060" /><testcase classname="tests.test_iteration4.TestMcpUndo" name="test_undo_removes_task_and_blocks_reuse" time="0.812" /><testcase classname="tests.test_iteration4.TestMcpUndo" name="test_undo_cross_tenant_isolation" time="0.997" /><testcase classname="tests.test_iteration5.TestGoalRollup" name="test_dashboard_has_goal_rollup" time="0.460" /><testcase classname="tests.test_iteration5.TestGoalRollup" name="test_rollup_reflects_new_outcome" time="0.249" /><testcase classname="tests.backend_test.TestDashboard" name="test_dashboard" time="0.085" /><testcase classname="tests.backend_test.TestPipeline" name="test_create_opportunity_and_move_to_won_creates_workspace" time="0.397" /><testcase classname="tests.backend_test.TestDirectory" name="test_company_and_contact_crud" time="0.236" /><testcase classname="tests.backend_test.TestWorkspaces" name="test_workspaces_list_and_detail" time="0.157" /><testcase classname="tests.backend_test.TestAudit" name="test_events" time="0.082" /><testcase classname="tests.backend_test.TestTenantIsolation" name="test_new_user_no_admin_data" time="0.329" /><testcase classname="tests.test_iteration4.TestWebhookSecret" name="test_webhook_list_exposes_secret" time="0.472" /><testcase classname="tests.test_iteration5.TestWebhookPatterns" name="test_event_matches_wildcard" time="3.266" /><testcase classname="tests.backend_test.TestAI" name="test_ai_draft" time="6.600" /><testcase classname="tests.test_iteration5.TestBackendUp" name="test_root" time="0.238" /><testcase classname="tests.test_iteration5.TestBackendUp" name="test_login_ok" time="0.457" /></testsuite></testsuites>