<?xml version="1.0" encoding="utf-8"?><testsuites name="pytest tests"><testsuite name="pytest" errors="0" failures="2" skipped="1" tests="44" time="19.048" timestamp="2026-08-05T03:19:12.698197+00:00" hostname="agent-env-b73521df-ab7c-4e57-81a8-4c48fdeac9e4"><testcase classname="tests.test_iteration5.TestRegressionBreadth" name="test_endpoint_ok[/dashboard]" time="0.946" /><testcase classname="tests.test_iteration5.TestRegressionBreadth" name="test_endpoint_ok[/workspaces]" time="0.079" /><testcase classname="tests.test_iteration5.TestMcpUndoReason" name="test_undo_empty_reason_returns_422" time="1.881" /><testcase classname="tests.test_iteration5.TestRegressionBreadth" name="test_endpoint_ok[/opportunities]" time="0.077" /><testcase classname="tests.test_iteration5.TestRegressionBreadth" name="test_endpoint_ok[/companies]" time="0.078" /><testcase classname="tests.test_iteration5.TestRegressionBreadth" name="test_endpoint_ok[/contacts]" time="0.118" /><testcase classname="tests.test_iteration5.TestRegressionBreadth" name="test_endpoint_ok[/events]" time="0.091" /><testcase classname="tests.test_iteration5.TestRegressionBreadth" name="test_endpoint_ok[/registry/integrations]" time="0.086" /><testcase classname="tests.test_iteration5.TestRegressionBreadth" name="test_endpoint_ok[/registry/mcp-servers]" time="0.082" /><testcase classname="tests.test_iteration5.TestRegressionBreadth" name="test_endpoint_ok[/registry/plugins]" time="0.077" /><testcase classname="tests.test_iteration5.TestRegressionBreadth" name="test_endpoint_ok[/registry/webhooks]" time="0.078" /><testcase classname="tests.test_iteration5.TestRegressionBreadth" name="test_endpoint_ok[/mcp/tools]" time="0.080" /><testcase classname="tests.test_iteration5.TestRegressionBreadth" name="test_endpoint_ok[/mcp/invocations]" time="0.080" /><testcase classname="tests.test_iteration5.TestRegressionBreadth" name="test_endpoint_ok[/approvals]" time="0.079"><failure message="AssertionError: /approvals → 405: {&quot;detail&quot;:&quot;Method Not Allowed&quot;}&#10;assert 405 == 200&#10; +  where 405 = &lt;Response [405]&gt;.status_code">backend/tests/test_iteration5.py:219: in test_endpoint_ok
    assert r.status_code == 200, f"{path} → {r.status_code}: {r.text[:200]}"
E   AssertionError: /approvals → 405: {"detail":"Method Not Allowed"}
E   assert 405 == 200
E    +  where 405 = &lt;Response [405]&gt;.status_code</failure></testcase><testcase classname="tests.test_iteration5.TestMcpUndoReason" name="test_undo_with_reason_success_and_event" time="0.753" /><testcase classname="tests.test_iteration5.TestRegressionBreadth" name="test_workspace_detail_health" time="0.168" /><testcase classname="tests.backend_test.TestRegistries" name="test_registry[integrations]" time="0.516" /><testcase classname="tests.test_iteration5.TestMcpUndoReason" name="test_undo_admin_only" time="1.395" /><testcase classname="tests.backend_test.TestRegistries" name="test_registry[mcp-servers]" time="0.081" /><testcase classname="tests.backend_test.TestRegistries" name="test_registry[plugins]" time="0.119" /><testcase classname="tests.backend_test.TestRegistries" name="test_registry[webhooks]" time="0.100" /><testcase classname="tests.backend_test.TestAuth" name="test_login" time="0.080" /><testcase classname="tests.backend_test.TestAuth" name="test_wrong_password" time="0.442" /><testcase classname="tests.backend_test.TestAuth" name="test_register_creates_new_tenant" time="0.662" /><testcase classname="tests.test_iteration5.TestMcpUndoReason" name="test_undo_window_expired" time="0.000"><skipped type="pytest.skip" message="Cannot backdate executed_at via public API; window logic covered by code review.">/app/backend/tests/test_iteration5.py:160: Cannot backdate executed_at via public API; window logic covered by code review.</skipped></testcase><testcase classname="tests.test_iteration5.TestBackendUp" name="test_root" time="0.281" /><testcase classname="tests.test_iteration4.TestOutcomeTargets" name="test_outcome_graph_returns_targets" time="0.554" /><testcase classname="tests.test_iteration4.TestOutcomeTargets" name="test_create_outcome_with_target" time="0.365" /><testcase classname="tests.test_iteration5.TestBackendUp" name="test_login_ok" time="0.523" /><testcase classname="tests.test_iteration4.TestOutcomeTargets" name="test_patch_outcome_current_value" time="0.301" /><testcase classname="tests.test_iteration5.TestGoalRollup" name="test_dashboard_has_goal_rollup" time="0.089" /><testcase classname="tests.test_iteration5.TestGoalRollup" name="test_rollup_reflects_new_outcome" time="0.298" /><testcase classname="tests.test_iteration4.TestMcpUndo" name="test_undo_removes_task_and_blocks_reuse" time="2.108" /><testcase classname="tests.backend_test.TestAI" name="test_ai_health_summary" time="7.190" /><testcase classname="tests.test_iteration4.TestMcpUndo" name="test_undo_cross_tenant_isolation" time="0.725" /><testcase classname="tests.test_iteration5.TestWebhookPatterns" name="test_event_matches_wildcard" time="0.593"><failure message="AssertionError: {&quot;detail&quot;:&quot;Method Not Allowed&quot;}&#10;assert 405 in (200, 201)&#10; +  where 405 = &lt;Response [405]&gt;.status_code">backend/tests/test_iteration5.py:173: in test_event_matches_wildcard
    h_comm = self._mk_hook(admin, f"TEST_hook_comm_{uuid.uuid4().hex[:6]}",
backend/tests/test_iteration5.py:167: in _mk_hook
    assert r.status_code in (200, 201), r.text
E   AssertionError: {"detail":"Method Not Allowed"}
E   assert 405 in (200, 201)
E    +  where 405 = &lt;Response [405]&gt;.status_code</failure></testcase><testcase classname="tests.backend_test.TestDashboard" name="test_dashboard" time="0.471" /><testcase classname="tests.backend_test.TestPipeline" name="test_create_opportunity_and_move_to_won_creates_workspace" time="0.413" /><testcase classname="tests.backend_test.TestDirectory" name="test_company_and_contact_crud" time="0.243" /><testcase classname="tests.backend_test.TestWorkspaces" name="test_workspaces_list_and_detail" time="0.163" /><testcase classname="tests.backend_test.TestAudit" name="test_events" time="0.096" /><testcase classname="tests.backend_test.TestTenantIsolation" name="test_new_user_no_admin_data" time="0.608" /><testcase classname="tests.backend_test.TestAI" name="test_ai_draft" time="5.449" /><testcase classname="tests.test_iteration4.TestWebhookSecret" name="test_webhook_list_exposes_secret" time="0.486" /></testsuite></testsuites>