<?xml version="1.0" encoding="utf-8"?><testsuites name="pytest tests"><testsuite name="pytest" errors="0" failures="0" skipped="0" tests="15" time="16.021" timestamp="2026-08-05T02:36:18.319754+00:00" hostname="agent-env-b73521df-ab7c-4e57-81a8-4c48fdeac9e4"><testcase classname="tests.backend_test.TestAuth" name="test_login" time="0.757" /><testcase classname="tests.backend_test.TestAuth" name="test_wrong_password" time="0.378" /><testcase classname="tests.backend_test.TestRegistries" name="test_registry[integrations]" time="0.841" /><testcase classname="tests.backend_test.TestRegistries" name="test_registry[mcp-servers]" time="0.295" /><testcase classname="tests.backend_test.TestRegistries" name="test_registry[plugins]" time="0.082" /><testcase classname="tests.backend_test.TestRegistries" name="test_registry[webhooks]" time="0.300" /><testcase classname="tests.backend_test.TestAuth" name="test_register_creates_new_tenant" time="0.540" /><testcase classname="tests.backend_test.TestDashboard" name="test_dashboard" time="0.081" /><testcase classname="tests.backend_test.TestPipeline" name="test_create_opportunity_and_move_to_won_creates_workspace" time="1.963" /><testcase classname="tests.backend_test.TestAI" name="test_ai_health_summary" time="7.836" /><testcase classname="tests.backend_test.TestDirectory" name="test_company_and_contact_crud" time="0.444" /><testcase classname="tests.backend_test.TestWorkspaces" name="test_workspaces_list_and_detail" time="0.455" /><testcase classname="tests.backend_test.TestTenantIsolation" name="test_new_user_no_admin_data" time="0.719" /><testcase classname="tests.backend_test.TestAI" name="test_ai_draft" time="5.892" /><testcase classname="tests.backend_test.TestAudit" name="test_events" time="0.085" /></testsuite></testsuites>